2019-10-31 14:21:01,108 - Log4JLogChute initialized using file 'velocity.log'
2019-10-31 14:21:01,108 - Initializing Velocity, Calling init()...
2019-10-31 14:21:01,108 - Starting Apache Velocity v1.7 (compiled: 2010-11-19 12:14:37)
2019-10-31 14:21:01,108 - Default Properties File: org\apache\velocity\runtime\defaults\velocity.properties
2019-10-31 14:21:01,108 - Trying to use logger class org.apache.velocity.runtime.log.AvalonLogChute
2019-10-31 14:21:01,108 - Target log system for org.apache.velocity.runtime.log.AvalonLogChute is not available (java.lang.NoClassDefFoundError: org/apache/log/Priority).  Falling back to next log system...
2019-10-31 14:21:01,108 - Trying to use logger class org.apache.velocity.runtime.log.Log4JLogChute
2019-10-31 14:21:01,108 - Using logger class org.apache.velocity.runtime.log.Log4JLogChute
2019-10-31 14:21:01,110 - ResourceLoader instantiated: org.apache.velocity.runtime.resource.loader.ClasspathResourceLoader
2019-10-31 14:21:01,115 - ResourceCache: initialized (class org.apache.velocity.runtime.resource.ResourceCacheImpl) with class java.util.Collections$SynchronizedMap cache map.
2019-10-31 14:21:01,116 - Loaded System Directive: org.apache.velocity.runtime.directive.Stop
2019-10-31 14:21:01,117 - Loaded System Directive: org.apache.velocity.runtime.directive.Define
2019-10-31 14:21:01,117 - Loaded System Directive: org.apache.velocity.runtime.directive.Break
2019-10-31 14:21:01,117 - Loaded System Directive: org.apache.velocity.runtime.directive.Evaluate
2019-10-31 14:21:01,118 - Loaded System Directive: org.apache.velocity.runtime.directive.Literal
2019-10-31 14:21:01,118 - Loaded System Directive: org.apache.velocity.runtime.directive.Macro
2019-10-31 14:21:01,119 - Loaded System Directive: org.apache.velocity.runtime.directive.Parse
2019-10-31 14:21:01,119 - Loaded System Directive: org.apache.velocity.runtime.directive.Include
2019-10-31 14:21:01,119 - Loaded System Directive: org.apache.velocity.runtime.directive.Foreach
2019-10-31 14:21:01,126 - Created '20' parsers.
2019-10-31 14:21:01,127 - Velocimacro : "velocimacro.library" is not set.  Trying default library: VM_global_library.vm
2019-10-31 14:21:01,129 - Could not load resource 'VM_global_library.vm' from ResourceLoader org.apache.velocity.runtime.resource.loader.ClasspathResourceLoader: ClasspathResourceLoader Error: cannot find resource VM_global_library.vm
2019-10-31 14:21:01,129 - Velocimacro : Default library not found.
2019-10-31 14:21:01,129 - Velocimacro : allowInline = true : VMs can be defined inline in templates
2019-10-31 14:21:01,129 - Velocimacro : allowInlineToOverride = false : VMs defined inline may NOT replace previous VM definitions
2019-10-31 14:21:01,129 - Velocimacro : allowInlineLocal = false : VMs defined inline will be global in scope if allowed.
2019-10-31 14:21:01,129 - Velocimacro : autoload off : VM system will not automatically reload global library macros
2019-10-31 14:21:01,140 - ResourceManager : found templates/vm/java/domain.java.vm with loader org.apache.velocity.runtime.resource.loader.ClasspathResourceLoader
2019-10-31 14:21:01,147 - ResourceManager : found templates/vm/java/Mapper.java.vm with loader org.apache.velocity.runtime.resource.loader.ClasspathResourceLoader
2019-10-31 14:21:01,149 - ResourceManager : found templates/vm/java/Service.java.vm with loader org.apache.velocity.runtime.resource.loader.ClasspathResourceLoader
2019-10-31 14:21:01,151 - ResourceManager : found templates/vm/java/ServiceImpl.java.vm with loader org.apache.velocity.runtime.resource.loader.ClasspathResourceLoader
2019-10-31 14:21:01,153 - ResourceManager : found templates/vm/java/Controller.java.vm with loader org.apache.velocity.runtime.resource.loader.ClasspathResourceLoader
2019-10-31 14:21:01,157 - ResourceManager : found templates/vm/xml/Mapper.xml.vm with loader org.apache.velocity.runtime.resource.loader.ClasspathResourceLoader
2019-10-31 14:21:01,164 - ResourceManager : found templates/vm/html/list.html.vm with loader org.apache.velocity.runtime.resource.loader.ClasspathResourceLoader
2019-10-31 14:21:01,167 - ResourceManager : found templates/vm/html/add.html.vm with loader org.apache.velocity.runtime.resource.loader.ClasspathResourceLoader
2019-10-31 14:21:01,168 - ResourceManager : found templates/vm/html/edit.html.vm with loader org.apache.velocity.runtime.resource.loader.ClasspathResourceLoader
2019-10-31 14:21:01,169 - ResourceManager : found templates/vm/sql/sql.vm with loader org.apache.velocity.runtime.resource.loader.ClasspathResourceLoader
2019-10-31 14:21:17,714 - ResourceManager : found templates/vm/java/domain.java.vm with loader org.apache.velocity.runtime.resource.loader.ClasspathResourceLoader
2019-10-31 14:21:17,715 - ResourceManager : found templates/vm/java/Mapper.java.vm with loader org.apache.velocity.runtime.resource.loader.ClasspathResourceLoader
2019-10-31 14:21:17,716 - ResourceManager : found templates/vm/java/Service.java.vm with loader org.apache.velocity.runtime.resource.loader.ClasspathResourceLoader
2019-10-31 14:21:17,717 - ResourceManager : found templates/vm/java/ServiceImpl.java.vm with loader org.apache.velocity.runtime.resource.loader.ClasspathResourceLoader
2019-10-31 14:21:17,718 - ResourceManager : found templates/vm/java/Controller.java.vm with loader org.apache.velocity.runtime.resource.loader.ClasspathResourceLoader
2019-10-31 14:21:17,720 - ResourceManager : found templates/vm/xml/Mapper.xml.vm with loader org.apache.velocity.runtime.resource.loader.ClasspathResourceLoader
2019-10-31 14:21:17,722 - ResourceManager : found templates/vm/html/list.html.vm with loader org.apache.velocity.runtime.resource.loader.ClasspathResourceLoader
2019-10-31 14:21:17,724 - ResourceManager : found templates/vm/html/add.html.vm with loader org.apache.velocity.runtime.resource.loader.ClasspathResourceLoader
2019-10-31 14:21:17,725 - ResourceManager : found templates/vm/html/edit.html.vm with loader org.apache.velocity.runtime.resource.loader.ClasspathResourceLoader
2019-10-31 14:21:17,725 - ResourceManager : found templates/vm/sql/sql.vm with loader org.apache.velocity.runtime.resource.loader.ClasspathResourceLoader
2019-10-31 14:23:40,541 - Log4JLogChute initialized using file 'velocity.log'
2019-10-31 14:23:40,541 - Initializing Velocity, Calling init()...
2019-10-31 14:23:40,541 - Starting Apache Velocity v1.7 (compiled: 2010-11-19 12:14:37)
2019-10-31 14:23:40,541 - Default Properties File: org\apache\velocity\runtime\defaults\velocity.properties
2019-10-31 14:23:40,541 - Trying to use logger class org.apache.velocity.runtime.log.AvalonLogChute
2019-10-31 14:23:40,541 - Target log system for org.apache.velocity.runtime.log.AvalonLogChute is not available (java.lang.NoClassDefFoundError: org/apache/log/Priority).  Falling back to next log system...
2019-10-31 14:23:40,541 - Trying to use logger class org.apache.velocity.runtime.log.Log4JLogChute
2019-10-31 14:23:40,541 - Using logger class org.apache.velocity.runtime.log.Log4JLogChute
2019-10-31 14:23:40,543 - ResourceLoader instantiated: org.apache.velocity.runtime.resource.loader.ClasspathResourceLoader
2019-10-31 14:23:40,548 - ResourceCache: initialized (class org.apache.velocity.runtime.resource.ResourceCacheImpl) with class java.util.Collections$SynchronizedMap cache map.
2019-10-31 14:23:40,549 - Loaded System Directive: org.apache.velocity.runtime.directive.Stop
2019-10-31 14:23:40,549 - Loaded System Directive: org.apache.velocity.runtime.directive.Define
2019-10-31 14:23:40,550 - Loaded System Directive: org.apache.velocity.runtime.directive.Break
2019-10-31 14:23:40,550 - Loaded System Directive: org.apache.velocity.runtime.directive.Evaluate
2019-10-31 14:23:40,550 - Loaded System Directive: org.apache.velocity.runtime.directive.Literal
2019-10-31 14:23:40,551 - Loaded System Directive: org.apache.velocity.runtime.directive.Macro
2019-10-31 14:23:40,551 - Loaded System Directive: org.apache.velocity.runtime.directive.Parse
2019-10-31 14:23:40,552 - Loaded System Directive: org.apache.velocity.runtime.directive.Include
2019-10-31 14:23:40,552 - Loaded System Directive: org.apache.velocity.runtime.directive.Foreach
2019-10-31 14:23:40,559 - Created '20' parsers.
2019-10-31 14:23:40,560 - Velocimacro : "velocimacro.library" is not set.  Trying default library: VM_global_library.vm
2019-10-31 14:23:40,562 - Could not load resource 'VM_global_library.vm' from ResourceLoader org.apache.velocity.runtime.resource.loader.ClasspathResourceLoader: ClasspathResourceLoader Error: cannot find resource VM_global_library.vm
2019-10-31 14:23:40,562 - Velocimacro : Default library not found.
2019-10-31 14:23:40,562 - Velocimacro : allowInline = true : VMs can be defined inline in templates
2019-10-31 14:23:40,562 - Velocimacro : allowInlineToOverride = false : VMs defined inline may NOT replace previous VM definitions
2019-10-31 14:23:40,562 - Velocimacro : allowInlineLocal = false : VMs defined inline will be global in scope if allowed.
2019-10-31 14:23:40,562 - Velocimacro : autoload off : VM system will not automatically reload global library macros
2019-10-31 14:23:40,574 - ResourceManager : found templates/vm/java/domain.java.vm with loader org.apache.velocity.runtime.resource.loader.ClasspathResourceLoader
2019-10-31 14:23:40,581 - ResourceManager : found templates/vm/java/Mapper.java.vm with loader org.apache.velocity.runtime.resource.loader.ClasspathResourceLoader
2019-10-31 14:23:40,582 - ResourceManager : found templates/vm/java/Service.java.vm with loader org.apache.velocity.runtime.resource.loader.ClasspathResourceLoader
2019-10-31 14:23:40,584 - ResourceManager : found templates/vm/java/ServiceImpl.java.vm with loader org.apache.velocity.runtime.resource.loader.ClasspathResourceLoader
2019-10-31 14:23:40,586 - ResourceManager : found templates/vm/java/Controller.java.vm with loader org.apache.velocity.runtime.resource.loader.ClasspathResourceLoader
2019-10-31 14:23:40,591 - ResourceManager : found templates/vm/xml/Mapper.xml.vm with loader org.apache.velocity.runtime.resource.loader.ClasspathResourceLoader
2019-10-31 14:23:40,598 - ResourceManager : found templates/vm/html/list.html.vm with loader org.apache.velocity.runtime.resource.loader.ClasspathResourceLoader
2019-10-31 14:23:40,601 - ResourceManager : found templates/vm/html/add.html.vm with loader org.apache.velocity.runtime.resource.loader.ClasspathResourceLoader
2019-10-31 14:23:40,603 - ResourceManager : found templates/vm/html/edit.html.vm with loader org.apache.velocity.runtime.resource.loader.ClasspathResourceLoader
2019-10-31 14:23:40,603 - ResourceManager : found templates/vm/sql/sql.vm with loader org.apache.velocity.runtime.resource.loader.ClasspathResourceLoader
2019-10-31 14:24:56,398 - ResourceManager : found templates/vm/java/domain.java.vm with loader org.apache.velocity.runtime.resource.loader.ClasspathResourceLoader
2019-10-31 14:24:56,400 - ResourceManager : found templates/vm/java/Mapper.java.vm with loader org.apache.velocity.runtime.resource.loader.ClasspathResourceLoader
2019-10-31 14:24:56,401 - ResourceManager : found templates/vm/java/Service.java.vm with loader org.apache.velocity.runtime.resource.loader.ClasspathResourceLoader
2019-10-31 14:24:56,402 - ResourceManager : found templates/vm/java/ServiceImpl.java.vm with loader org.apache.velocity.runtime.resource.loader.ClasspathResourceLoader
2019-10-31 14:24:56,403 - ResourceManager : found templates/vm/java/Controller.java.vm with loader org.apache.velocity.runtime.resource.loader.ClasspathResourceLoader
2019-10-31 14:24:56,404 - ResourceManager : found templates/vm/xml/Mapper.xml.vm with loader org.apache.velocity.runtime.resource.loader.ClasspathResourceLoader
2019-10-31 14:24:56,406 - ResourceManager : found templates/vm/html/list.html.vm with loader org.apache.velocity.runtime.resource.loader.ClasspathResourceLoader
2019-10-31 14:24:56,408 - ResourceManager : found templates/vm/html/add.html.vm with loader org.apache.velocity.runtime.resource.loader.ClasspathResourceLoader
2019-10-31 14:24:56,409 - ResourceManager : found templates/vm/html/edit.html.vm with loader org.apache.velocity.runtime.resource.loader.ClasspathResourceLoader
2019-10-31 14:24:56,409 - ResourceManager : found templates/vm/sql/sql.vm with loader org.apache.velocity.runtime.resource.loader.ClasspathResourceLoader
2019-10-31 14:25:18,517 - ResourceManager : found templates/vm/java/domain.java.vm with loader org.apache.velocity.runtime.resource.loader.ClasspathResourceLoader
2019-10-31 14:25:18,518 - ResourceManager : found templates/vm/java/Mapper.java.vm with loader org.apache.velocity.runtime.resource.loader.ClasspathResourceLoader
2019-10-31 14:25:18,519 - ResourceManager : found templates/vm/java/Service.java.vm with loader org.apache.velocity.runtime.resource.loader.ClasspathResourceLoader
2019-10-31 14:25:18,519 - ResourceManager : found templates/vm/java/ServiceImpl.java.vm with loader org.apache.velocity.runtime.resource.loader.ClasspathResourceLoader
2019-10-31 14:25:18,520 - ResourceManager : found templates/vm/java/Controller.java.vm with loader org.apache.velocity.runtime.resource.loader.ClasspathResourceLoader
2019-10-31 14:25:18,522 - ResourceManager : found templates/vm/xml/Mapper.xml.vm with loader org.apache.velocity.runtime.resource.loader.ClasspathResourceLoader
2019-10-31 14:25:18,525 - ResourceManager : found templates/vm/html/list.html.vm with loader org.apache.velocity.runtime.resource.loader.ClasspathResourceLoader
2019-10-31 14:25:18,527 - ResourceManager : found templates/vm/html/add.html.vm with loader org.apache.velocity.runtime.resource.loader.ClasspathResourceLoader
2019-10-31 14:25:18,528 - ResourceManager : found templates/vm/html/edit.html.vm with loader org.apache.velocity.runtime.resource.loader.ClasspathResourceLoader
2019-10-31 14:25:18,529 - ResourceManager : found templates/vm/sql/sql.vm with loader org.apache.velocity.runtime.resource.loader.ClasspathResourceLoader
2019-10-31 14:25:41,871 - ResourceManager : found templates/vm/java/domain.java.vm with loader org.apache.velocity.runtime.resource.loader.ClasspathResourceLoader
2019-10-31 14:25:41,872 - ResourceManager : found templates/vm/java/Mapper.java.vm with loader org.apache.velocity.runtime.resource.loader.ClasspathResourceLoader
2019-10-31 14:25:41,873 - ResourceManager : found templates/vm/java/Service.java.vm with loader org.apache.velocity.runtime.resource.loader.ClasspathResourceLoader
2019-10-31 14:25:41,873 - ResourceManager : found templates/vm/java/ServiceImpl.java.vm with loader org.apache.velocity.runtime.resource.loader.ClasspathResourceLoader
2019-10-31 14:25:41,874 - ResourceManager : found templates/vm/java/Controller.java.vm with loader org.apache.velocity.runtime.resource.loader.ClasspathResourceLoader
2019-10-31 14:25:41,875 - ResourceManager : found templates/vm/xml/Mapper.xml.vm with loader org.apache.velocity.runtime.resource.loader.ClasspathResourceLoader
2019-10-31 14:25:41,877 - ResourceManager : found templates/vm/html/list.html.vm with loader org.apache.velocity.runtime.resource.loader.ClasspathResourceLoader
2019-10-31 14:25:41,878 - ResourceManager : found templates/vm/html/add.html.vm with loader org.apache.velocity.runtime.resource.loader.ClasspathResourceLoader
2019-10-31 14:25:41,879 - ResourceManager : found templates/vm/html/edit.html.vm with loader org.apache.velocity.runtime.resource.loader.ClasspathResourceLoader
2019-10-31 14:25:41,879 - ResourceManager : found templates/vm/sql/sql.vm with loader org.apache.velocity.runtime.resource.loader.ClasspathResourceLoader
2019-10-31 14:26:04,321 - ResourceManager : found templates/vm/java/domain.java.vm with loader org.apache.velocity.runtime.resource.loader.ClasspathResourceLoader
2019-10-31 14:26:04,322 - ResourceManager : found templates/vm/java/Mapper.java.vm with loader org.apache.velocity.runtime.resource.loader.ClasspathResourceLoader
2019-10-31 14:26:04,323 - ResourceManager : found templates/vm/java/Service.java.vm with loader org.apache.velocity.runtime.resource.loader.ClasspathResourceLoader
2019-10-31 14:26:04,324 - ResourceManager : found templates/vm/java/ServiceImpl.java.vm with loader org.apache.velocity.runtime.resource.loader.ClasspathResourceLoader
2019-10-31 14:26:04,324 - ResourceManager : found templates/vm/java/Controller.java.vm with loader org.apache.velocity.runtime.resource.loader.ClasspathResourceLoader
2019-10-31 14:26:04,326 - ResourceManager : found templates/vm/xml/Mapper.xml.vm with loader org.apache.velocity.runtime.resource.loader.ClasspathResourceLoader
2019-10-31 14:26:04,328 - ResourceManager : found templates/vm/html/list.html.vm with loader org.apache.velocity.runtime.resource.loader.ClasspathResourceLoader
2019-10-31 14:26:04,330 - ResourceManager : found templates/vm/html/add.html.vm with loader org.apache.velocity.runtime.resource.loader.ClasspathResourceLoader
2019-10-31 14:26:04,331 - ResourceManager : found templates/vm/html/edit.html.vm with loader org.apache.velocity.runtime.resource.loader.ClasspathResourceLoader
2019-10-31 14:26:04,332 - ResourceManager : found templates/vm/sql/sql.vm with loader org.apache.velocity.runtime.resource.loader.ClasspathResourceLoader
2019-10-31 14:26:31,146 - ResourceManager : found templates/vm/java/domain.java.vm with loader org.apache.velocity.runtime.resource.loader.ClasspathResourceLoader
2019-10-31 14:26:31,147 - ResourceManager : found templates/vm/java/Mapper.java.vm with loader org.apache.velocity.runtime.resource.loader.ClasspathResourceLoader
2019-10-31 14:26:31,160 - ResourceManager : found templates/vm/java/Service.java.vm with loader org.apache.velocity.runtime.resource.loader.ClasspathResourceLoader
2019-10-31 14:26:31,161 - ResourceManager : found templates/vm/java/ServiceImpl.java.vm with loader org.apache.velocity.runtime.resource.loader.ClasspathResourceLoader
2019-10-31 14:26:31,162 - ResourceManager : found templates/vm/java/Controller.java.vm with loader org.apache.velocity.runtime.resource.loader.ClasspathResourceLoader
2019-10-31 14:26:31,163 - ResourceManager : found templates/vm/xml/Mapper.xml.vm with loader org.apache.velocity.runtime.resource.loader.ClasspathResourceLoader
2019-10-31 14:26:31,165 - ResourceManager : found templates/vm/html/list.html.vm with loader org.apache.velocity.runtime.resource.loader.ClasspathResourceLoader
2019-10-31 14:26:31,166 - ResourceManager : found templates/vm/html/add.html.vm with loader org.apache.velocity.runtime.resource.loader.ClasspathResourceLoader
2019-10-31 14:26:31,167 - ResourceManager : found templates/vm/html/edit.html.vm with loader org.apache.velocity.runtime.resource.loader.ClasspathResourceLoader
2019-10-31 14:26:31,168 - ResourceManager : found templates/vm/sql/sql.vm with loader org.apache.velocity.runtime.resource.loader.ClasspathResourceLoader
2019-10-31 14:26:52,969 - ResourceManager : found templates/vm/java/domain.java.vm with loader org.apache.velocity.runtime.resource.loader.ClasspathResourceLoader
2019-10-31 14:26:52,970 - ResourceManager : found templates/vm/java/Mapper.java.vm with loader org.apache.velocity.runtime.resource.loader.ClasspathResourceLoader
2019-10-31 14:26:52,970 - ResourceManager : found templates/vm/java/Service.java.vm with loader org.apache.velocity.runtime.resource.loader.ClasspathResourceLoader
2019-10-31 14:26:52,971 - ResourceManager : found templates/vm/java/ServiceImpl.java.vm with loader org.apache.velocity.runtime.resource.loader.ClasspathResourceLoader
2019-10-31 14:26:52,972 - ResourceManager : found templates/vm/java/Controller.java.vm with loader org.apache.velocity.runtime.resource.loader.ClasspathResourceLoader
2019-10-31 14:26:52,973 - ResourceManager : found templates/vm/xml/Mapper.xml.vm with loader org.apache.velocity.runtime.resource.loader.ClasspathResourceLoader
2019-10-31 14:26:52,975 - ResourceManager : found templates/vm/html/list.html.vm with loader org.apache.velocity.runtime.resource.loader.ClasspathResourceLoader
2019-10-31 14:26:52,976 - ResourceManager : found templates/vm/html/add.html.vm with loader org.apache.velocity.runtime.resource.loader.ClasspathResourceLoader
2019-10-31 14:26:52,977 - ResourceManager : found templates/vm/html/edit.html.vm with loader org.apache.velocity.runtime.resource.loader.ClasspathResourceLoader
2019-10-31 14:26:52,977 - ResourceManager : found templates/vm/sql/sql.vm with loader org.apache.velocity.runtime.resource.loader.ClasspathResourceLoader
